{"/Users/leilaniheather/Desktop/kes-ke-say/client/store.js": {"path":"/Users/leilaniheather/Desktop/kes-ke-say/client/store.js","statementMap":{"0":{"start":{"line":5,"column":25},"end":{"line":5,"column":79}},"1":{"start":{"line":6,"column":14},"end":{"line":6,"column":77}}},"fnMap":{},"branchMap":{"0":{"loc":{"start":{"line":5,"column":25},"end":{"line":5,"column":79}},"type":"binary-expr","locations":[{"start":{"line":5,"column":25},"end":{"line":5,"column":68}},{"start":{"line":5,"column":72},"end":{"line":5,"column":79}}],"line":5}},"s":{"0":1,"1":1},"f":{},"b":{"0":[1,1]},"_coverageSchema":"1a1c01bbd47fc00a2c39e90264f33305004495a9","hash":"11f1dde7691e7a31e65260bf40cd9374f94cdd0b"}
,"/Users/leilaniheather/Desktop/kes-ke-say/client/components/LandingPage.jsx": {"path":"/Users/leilaniheather/Desktop/kes-ke-say/client/components/LandingPage.jsx","statementMap":{"0":{"start":{"line":6,"column":2},"end":{"line":21,"column":3}}},"fnMap":{"0":{"name":"LandingPage","decl":{"start":{"line":4,"column":9},"end":{"line":4,"column":20}},"loc":{"start":{"line":4,"column":23},"end":{"line":22,"column":1}},"line":4}},"branchMap":{},"s":{"0":1},"f":{"0":1},"b":{},"_coverageSchema":"1a1c01bbd47fc00a2c39e90264f33305004495a9","hash":"fbcb092948820e7b21eafd90f2edc7a2c2701858"}
,"/Users/leilaniheather/Desktop/kes-ke-say/client/reducers/index.js": {"path":"/Users/leilaniheather/Desktop/kes-ke-say/client/reducers/index.js","statementMap":{},"fnMap":{},"branchMap":{},"s":{},"f":{},"b":{},"_coverageSchema":"1a1c01bbd47fc00a2c39e90264f33305004495a9","hash":"315899e870ae0096b092dbfd8c915020a57d3aa8"}
}
